Started GET "/" for 127.0.0.1 at 2017-07-17 18:09:38 +0900
  
ActiveRecord::PendingMigrationError (

Migrations are pending. To resolve this issue, run:

        bin/rails db:migrate RAILS_ENV=development

):
  
activerecord (5.1.2) lib/active_record/migration.rb:576:in `check_pending!'
activerecord (5.1.2) lib/active_record/migration.rb:553:in `call'
actionpack (5.1.2) lib/action_dispatch/middleware/callbacks.rb:26:in `block in call'
activesupport (5.1.2) lib/active_support/callbacks.rb:97:in `run_callbacks'
actionpack (5.1.2) lib/action_dispatch/middleware/callbacks.rb:24:in `call'
actionpack (5.1.2) lib/action_dispatch/middleware/executor.rb:12:in `call'
actionpack (5.1.2) lib/action_dispatch/middleware/debug_exceptions.rb:59:in `call'
web-console (3.5.1) lib/web_console/middleware.rb:135:in `call_app'
web-console (3.5.1) lib/web_console/middleware.rb:28:in `block in call'
web-console (3.5.1) lib/web_console/middleware.rb:18:in `catch'
web-console (3.5.1) lib/web_console/middleware.rb:18:in `call'
actionpack (5.1.2) lib/action_dispatch/middleware/show_exceptions.rb:31:in `call'
railties (5.1.2) lib/rails/rack/logger.rb:36:in `call_app'
railties (5.1.2) lib/rails/rack/logger.rb:24:in `block in call'
activesupport (5.1.2) lib/active_support/tagged_logging.rb:69:in `block in tagged'
activesupport (5.1.2) lib/active_support/tagged_logging.rb:26:in `tagged'
activesupport (5.1.2) lib/active_support/tagged_logging.rb:69:in `tagged'
railties (5.1.2) lib/rails/rack/logger.rb:24:in `call'
sprockets-rails (3.2.0) lib/sprockets/rails/quiet_assets.rb:13:in `call'
actionpack (5.1.2) lib/action_dispatch/middleware/remote_ip.rb:79:in `call'
actionpack (5.1.2) lib/action_dispatch/middleware/request_id.rb:25:in `call'
rack (2.0.3) lib/rack/method_override.rb:22:in `call'
rack (2.0.3) lib/rack/runtime.rb:22:in `call'
activesupport (5.1.2) lib/active_support/cache/strategy/local_cache_middleware.rb:27:in `call'
actionpack (5.1.2) lib/action_dispatch/middleware/executor.rb:12:in `call'
actionpack (5.1.2) lib/action_dispatch/middleware/static.rb:125:in `call'
rack (2.0.3) lib/rack/sendfile.rb:111:in `call'
railties (5.1.2) lib/rails/engine.rb:522:in `call'
puma (3.9.1) lib/puma/configuration.rb:224:in `call'
puma (3.9.1) lib/puma/server.rb:602:in `handle_request'
puma (3.9.1) lib/puma/server.rb:435:in `process_client'
puma (3.9.1) lib/puma/server.rb:299:in `block in run'
puma (3.9.1) lib/puma/thread_pool.rb:120:in `block in spawn_thread'
  [1m[35m (0.1ms)[0m  [1m[34mSELECT sqlite_version(*)[0m
  [1m[35m (7.9ms)[0m  [1m[35mCREATE TABLE "schema_migrations" ("version" varchar NOT NULL PRIMARY KEY)[0m
  [1m[35m (4.2ms)[0m  [1m[35mCREATE TABLE "ar_internal_metadata" ("key" varchar NOT NULL PRIMARY KEY, "value" varchar, "created_at" datetime NOT NULL, "updated_at" datetime NOT NULL)[0m
  [1m[35m (0.1ms)[0m  [1m[34mSELECT "schema_migrations"."version" FROM "schema_migrations" ORDER BY "schema_migrations"."version" ASC[0m
Migrating to CreateUsers (20170717045521)
  [1m[35m (0.1ms)[0m  [1m[36mbegin transaction[0m
  [1m[35m (0.4ms)[0m  [1m[35mCREATE TABLE "users" ("id" INTEGER PRIMARY KEY AUTOINCREMENT NOT NULL, "provider" varchar, "uid" varchar, "nickname" varchar, "image_url" varchar, "created_at" datetime NOT NULL, "updated_at" datetime NOT NULL)[0m
  [1m[35mSQL (0.1ms)[0m  [1m[32mINSERT INTO "schema_migrations" ("version") VALUES (?)[0m  [["version", "20170717045521"]]
  [1m[35m (3.9ms)[0m  [1m[36mcommit transaction[0m
  [1m[36mActiveRecord::InternalMetadata Load (0.1ms)[0m  [1m[34mSELECT  "ar_internal_metadata".* FROM "ar_internal_metadata" WHERE "ar_internal_metadata"."key" = ? LIMIT ?[0m  [["key", "environment"], ["LIMIT", 1]]
  [1m[35m (0.1ms)[0m  [1m[36mbegin transaction[0m
  [1m[35mSQL (0.2ms)[0m  [1m[32mINSERT INTO "ar_internal_metadata" ("key", "value", "created_at", "updated_at") VALUES (?, ?, ?, ?)[0m  [["key", "environment"], ["value", "development"], ["created_at", "2017-07-17 09:09:59.195178"], ["updated_at", "2017-07-17 09:09:59.195178"]]
  [1m[35m (3.3ms)[0m  [1m[36mcommit transaction[0m
  [1m[35m (0.1ms)[0m  [1m[34mSELECT "schema_migrations"."version" FROM "schema_migrations" ORDER BY "schema_migrations"."version" ASC[0m
Started GET "/" for 127.0.0.1 at 2017-07-17 18:10:08 +0900
  [1m[35m (0.1ms)[0m  [1m[34mSELECT "schema_migrations"."version" FROM "schema_migrations" ORDER BY "schema_migrations"."version" ASC[0m
Processing by HomesController#top as HTML
  Rendering homes/top.html.slim within layouts/application
  [1m[36mUser Load (0.4ms)[0m  [1m[34mSELECT  "users".* FROM "users" WHERE "users"."id" = ? LIMIT ?[0m  [["id", 1], ["LIMIT", 1]]
  Rendered homes/top.html.slim within layouts/application (18.6ms)
Completed 500 Internal Server Error in 22ms (ActiveRecord: 1.1ms)


  
ActiveRecord::RecordNotFound (Couldn't find User with 'id'=1):
  
app/controllers/application_controller.rb:10:in `current_user'
app/views/homes/top.html.slim:5:in `_app_views_homes_top_html_slim___4054163236723278584_47359190036140'
Started GET "/" for 127.0.0.1 at 2017-07-17 18:26:52 +0900
  [1m[35m (0.1ms)[0m  [1m[34mSELECT "schema_migrations"."version" FROM "schema_migrations" ORDER BY "schema_migrations"."version" ASC[0m
Processing by HomesController#top as HTML
  Rendering homes/top.html.slim within layouts/application
  [1m[36mUser Load (0.2ms)[0m  [1m[34mSELECT  "users".* FROM "users" WHERE "users"."id" = ? LIMIT ?[0m  [["id", 1], ["LIMIT", 1]]
  Rendered homes/top.html.slim within layouts/application (17.2ms)
Completed 500 Internal Server Error in 21ms (ActiveRecord: 0.8ms)


  
ActiveRecord::RecordNotFound (Couldn't find User with 'id'=1):
  
app/controllers/application_controller.rb:10:in `current_user'
app/views/homes/top.html.slim:5:in `_app_views_homes_top_html_slim___672150434214472562_70032801044240'
Started GET "/" for 127.0.0.1 at 2017-07-17 18:27:20 +0900
  [1m[35m (0.2ms)[0m  [1m[34mSELECT "schema_migrations"."version" FROM "schema_migrations" ORDER BY "schema_migrations"."version" ASC[0m
Processing by HomesController#top as HTML
  Rendering homes/top.html.slim within layouts/application
  [1m[36mUser Load (0.3ms)[0m  [1m[34mSELECT  "users".* FROM "users" WHERE "users"."id" = ? LIMIT ?[0m  [["id", 1], ["LIMIT", 1]]
  Rendered homes/top.html.slim within layouts/application (17.0ms)
Completed 500 Internal Server Error in 21ms (ActiveRecord: 1.0ms)


  
ActiveRecord::RecordNotFound (Couldn't find User with 'id'=1):
  
app/controllers/application_controller.rb:10:in `current_user'
app/views/homes/top.html.slim:5:in `_app_views_homes_top_html_slim___1395755089337572459_69910662882420'
Started POST "/__web_console/repl_sessions/ae4bf6846b67756c88ed4b16ffafdf4c/trace" for 127.0.0.1 at 2017-07-17 18:27:26 +0900
Started GET "/" for 127.0.0.1 at 2017-07-17 18:30:43 +0900
  [1m[35m (0.1ms)[0m  [1m[34mSELECT "schema_migrations"."version" FROM "schema_migrations" ORDER BY "schema_migrations"."version" ASC[0m
Processing by HomesController#top as HTML
  Rendering homes/top.html.slim within layouts/application
  [1m[36mUser Load (0.2ms)[0m  [1m[34mSELECT  "users".* FROM "users" WHERE "users"."id" = ? LIMIT ?[0m  [["id", 1], ["LIMIT", 1]]
  Rendered homes/top.html.slim within layouts/application (19.6ms)
Completed 500 Internal Server Error in 23ms (ActiveRecord: 0.5ms)


  
ActionView::Template::Error (undefined method `image_url' for nil:NilClass):
    2: p Find me in app/views/homes/top.html.slim
    3: 
    4: - if logged_in?
    5:   = image_tag current_user.image_url
    6:   = label_tag current_user.nickname
    7:   br
    8:   = link_to 'ãƒ­ã‚°ã‚¢ã‚¦ãƒˆ', logout_path
  
app/views/homes/top.html.slim:5:in `_app_views_homes_top_html_slim___2754753424362558314_47363618952240'
Started GET "/" for 127.0.0.1 at 2017-07-17 18:35:58 +0900
  [1m[35m (0.2ms)[0m  [1m[34mSELECT "schema_migrations"."version" FROM "schema_migrations" ORDER BY "schema_migrations"."version" ASC[0m
Processing by HomesController#top as HTML
  Rendering homes/top.html.slim within layouts/application
  [1m[36mUser Load (0.3ms)[0m  [1m[34mSELECT  "users".* FROM "users" WHERE "users"."id" = ? LIMIT ?[0m  [["id", 1], ["LIMIT", 1]]
  Rendered homes/top.html.slim within layouts/application (16.3ms)
Completed 500 Internal Server Error in 20ms (ActiveRecord: 0.6ms)


  
ActionView::Template::Error (nil is not a valid asset source):
    2: p Find me in app/views/homes/top.html.slim
    3: 
    4: - if logged_in?
    5:   = image_tag current_user.try(:image_url)
    6:   = label_tag current_user.try(:nickname)
    7:   br
    8:   = link_to 'ãƒ­ã‚°ã‚¢ã‚¦ãƒˆ', logout_path
  
app/views/homes/top.html.slim:5:in `_app_views_homes_top_html_slim___4125706138145949326_70170508433860'
Started GET "/" for 127.0.0.1 at 2017-07-17 18:40:38 +0900
Processing by HomesController#top as HTML
  Rendering homes/top.html.slim within layouts/application
  [1m[36mUser Load (0.3ms)[0m  [1m[34mSELECT  "users".* FROM "users" WHERE "users"."id" = ? LIMIT ?[0m  [["id", 1], ["LIMIT", 1]]
  Rendered homes/top.html.slim within layouts/application (9.1ms)
Completed 500 Internal Server Error in 12ms (ActiveRecord: 0.3ms)


  
ActionView::Template::Error (undefined method `image_url' for nil:NilClass):
    2: p Find me in app/views/homes/top.html.slim
    3: 
    4: - if logged_in?
    5:   = image_tag current_user.image_url
    6:   = label_tag current_user.nickname
    7:   br
    8:   = link_to 'ãƒ­ã‚°ã‚¢ã‚¦ãƒˆ', logout_path
  
app/views/homes/top.html.slim:5:in `_app_views_homes_top_html_slim___4125706138145949326_47356532889720'
Started GET "/" for 127.0.0.1 at 2017-07-17 18:43:02 +0900
  [1m[35m (0.2ms)[0m  [1m[34mSELECT "schema_migrations"."version" FROM "schema_migrations" ORDER BY "schema_migrations"."version" ASC[0m
  
SyntaxError (/home/mimi/desktop/omni_test/app/controllers/application_controller.rb:10: syntax error, unexpected '(', expecting ')'
user ||= User.try(:find_by_id(session[:user_id]))
                              ^
/home/mimi/desktop/omni_test/app/controllers/application_controller.rb:10: syntax error, unexpected ')', expecting keyword_end
:find_by_id(session[:user_id]))
                              ^
/home/mimi/desktop/omni_test/app/controllers/application_controller.rb:21: syntax error, unexpected end-of-input, expecting keyword_end):
  
app/controllers/application_controller.rb:10: syntax error, unexpected '(', expecting ')'
app/controllers/application_controller.rb:10: syntax error, unexpected ')', expecting keyword_end
app/controllers/application_controller.rb:21: syntax error, unexpected end-of-input, expecting keyword_end
app/controllers/homes_controller.rb:1:in `<top (required)>'
Started GET "/" for 127.0.0.1 at 2017-07-17 18:43:15 +0900
Processing by HomesController#top as HTML
Started GET "/" for 127.0.0.1 at 2017-07-17 18:43:25 +0900
Started GET "/" for 127.0.0.1 at 2017-07-17 18:43:25 +0900
Started GET "/" for 127.0.0.1 at 2017-07-17 18:43:25 +0900
Started GET "/" for 127.0.0.1 at 2017-07-17 18:43:25 +0900
  Rendering homes/top.html.slim within layouts/application
  [1m[36mUser Load (0.7ms)[0m  [1m[34mSELECT  "users".* FROM "users" WHERE "users"."id" = ? LIMIT ?[0m  [["id", 1], ["LIMIT", 1]]
  Rendered homes/top.html.slim within layouts/application (53.2ms)
Completed 500 Internal Server Error in 61ms (ActiveRecord: 1.5ms)


  
ActionView::Template::Error (undefined method `image_url' for nil:NilClass):
    2: p Find me in app/views/homes/top.html.slim
    3: 
    4: - if logged_in?
    5:   = image_tag current_user.image_url
    6:   = label_tag current_user.nickname
    7:   br
    8:   = link_to 'ãƒ­ã‚°ã‚¢ã‚¦ãƒˆ', logout_path
  
app/views/homes/top.html.slim:5:in `_app_views_homes_top_html_slim__2326556001309612257_47429445492220'
Processing by HomesController#top as HTML
Processing by HomesController#top as HTML
Processing by HomesController#top as HTML
Processing by HomesController#top as HTML
  Rendering homes/top.html.slim within layouts/application
  Rendering homes/top.html.slim within layouts/application
  Rendering homes/top.html.slim within layouts/application
  Rendering homes/top.html.slim within layouts/application
  [1m[36mUser Load (0.2ms)[0m  [1m[34mSELECT  "users".* FROM "users" WHERE "users"."id" = ? LIMIT ?[0m  [["id", 1], ["LIMIT", 1]]
  [1m[36mUser Load (0.1ms)[0m  [1m[34mSELECT  "users".* FROM "users" WHERE "users"."id" = ? LIMIT ?[0m  [["id", 1], ["LIMIT", 1]]
  [1m[36mUser Load (0.1ms)[0m  [1m[34mSELECT  "users".* FROM "users" WHERE "users"."id" = ? LIMIT ?[0m  [["id", 1], ["LIMIT", 1]]
  [1m[36mUser Load (0.1ms)[0m  [1m[34mSELECT  "users".* FROM "users" WHERE "users"."id" = ? LIMIT ?[0m  [["id", 1], ["LIMIT", 1]]
  Rendered homes/top.html.slim within layouts/application (19.5ms)
Completed 500 Internal Server Error in 31ms (ActiveRecord: 1.1ms)


  Rendered homes/top.html.slim within layouts/application (24.6ms)
  Rendered homes/top.html.slim within layouts/application (27.4ms)
  Rendered homes/top.html.slim within layouts/application (19.3ms)
  
Completed 500 Internal Server Error in 37ms (ActiveRecord: 0.3ms)


Completed 500 Internal Server Error in 37ms (ActiveRecord: 0.3ms)


Completed 500 Internal Server Error in 38ms (ActiveRecord: 0.4ms)


ActionView::Template::Error (undefined method `image_url' for nil:NilClass):
  
  
    2: p Find me in app/views/homes/top.html.slim
    3: 
    4: - if logged_in?
    5:   = image_tag current_user.image_url
    6:   = label_tag current_user.nickname
    7:   br
    8:   = link_to 'ãƒ­ã‚°ã‚¢ã‚¦ãƒˆ', logout_path
  
ActionView::Template::Error (undefined method `image_url' for nil:NilClass):
ActionView::Template::Error (undefined method `image_url' for nil:NilClass):
  
ActionView::Template::Error (undefined method `image_url' for nil:NilClass):
    2: p Find me in app/views/homes/top.html.slim
    3: 
    4: - if logged_in?
    5:   = image_tag current_user.image_url
    6:   = label_tag current_user.nickname
    7:   br
    8:   = link_to 'ãƒ­ã‚°ã‚¢ã‚¦ãƒˆ', logout_path
  
app/views/homes/top.html.slim:5:in `_app_views_homes_top_html_slim__2326556001309612257_47429445492220'
    2: p Find me in app/views/homes/top.html.slim
    3: 
    4: - if logged_in?
    5:   = image_tag current_user.image_url
    6:   = label_tag current_user.nickname
    7:   br
    8:   = link_to 'ãƒ­ã‚°ã‚¢ã‚¦ãƒˆ', logout_path
app/views/homes/top.html.slim:5:in `_app_views_homes_top_html_slim__2326556001309612257_47429445492220'
    2: p Find me in app/views/homes/top.html.slim
    3: 
    4: - if logged_in?
    5:   = image_tag current_user.image_url
    6:   = label_tag current_user.nickname
    7:   br
    8:   = link_to 'ãƒ­ã‚°ã‚¢ã‚¦ãƒˆ', logout_path
  
  
app/views/homes/top.html.slim:5:in `_app_views_homes_top_html_slim__2326556001309612257_47429445492220'
app/views/homes/top.html.slim:5:in `_app_views_homes_top_html_slim__2326556001309612257_47429445492220'
Started GET "/" for 127.0.0.1 at 2017-07-17 18:43:27 +0900
Processing by HomesController#top as HTML
  Rendering homes/top.html.slim within layouts/application
  [1m[36mUser Load (0.1ms)[0m  [1m[34mSELECT  "users".* FROM "users" WHERE "users"."id" = ? LIMIT ?[0m  [["id", 1], ["LIMIT", 1]]
  Rendered homes/top.html.slim within layouts/application (6.1ms)
Completed 500 Internal Server Error in 8ms (ActiveRecord: 0.1ms)


  
ActionView::Template::Error (undefined method `image_url' for nil:NilClass):
    2: p Find me in app/views/homes/top.html.slim
    3: 
    4: - if logged_in?
    5:   = image_tag current_user.image_url
    6:   = label_tag current_user.nickname
    7:   br
    8:   = link_to 'ãƒ­ã‚°ã‚¢ã‚¦ãƒˆ', logout_path
  
app/views/homes/top.html.slim:5:in `_app_views_homes_top_html_slim__2326556001309612257_47429446336980'
Started GET "/" for 127.0.0.1 at 2017-07-17 18:47:06 +0900
  [1m[35m (0.1ms)[0m  [1m[34mSELECT "schema_migrations"."version" FROM "schema_migrations" ORDER BY "schema_migrations"."version" ASC[0m
Processing by HomesController#top as HTML
  Rendering homes/top.html.slim within layouts/application
  Rendered homes/top.html.slim within layouts/application (9.2ms)
Completed 200 OK in 469ms (Views: 468.5ms | ActiveRecord: 0.0ms)


Started GET "/logout" for 127.0.0.1 at 2017-07-17 18:47:09 +0900
Processing by SessionsController#destroy as HTML
Redirected to http://localhost:3000/
Completed 302 Found in 1ms (ActiveRecord: 0.0ms)


Started GET "/" for 127.0.0.1 at 2017-07-17 18:47:09 +0900
Processing by HomesController#top as HTML
  Rendering homes/top.html.slim within layouts/application
  Rendered homes/top.html.slim within layouts/application (4.6ms)
Completed 200 OK in 19ms (Views: 17.3ms | ActiveRecord: 0.0ms)


Started GET "/auth/twitter" for 127.0.0.1 at 2017-07-17 18:47:10 +0900
Started GET "/auth/twitter/callback?oauth_token=uvYuWwAAAAAA1O4PAAABXU_xxDg&oauth_verifier=YOYJuf2P7FZMaU12NL8MWIFATiz2FrVr" for 127.0.0.1 at 2017-07-17 18:47:11 +0900
Processing by SessionsController#create as HTML
  Parameters: {"oauth_token"=>"uvYuWwAAAAAA1O4PAAABXU_xxDg", "oauth_verifier"=>"YOYJuf2P7FZMaU12NL8MWIFATiz2FrVr", "provider"=>"twitter"}
  [1m[36mUser Load (0.3ms)[0m  [1m[34mSELECT  "users".* FROM "users" WHERE "users"."provider" = ? AND "users"."uid" = ? LIMIT ?[0m  [["provider", "twitter"], ["uid", "3148157702"], ["LIMIT", 1]]
  [1m[35m (0.1ms)[0m  [1m[36mbegin transaction[0m
  [1m[35mSQL (1.8ms)[0m  [1m[32mINSERT INTO "users" ("provider", "uid", "nickname", "image_url", "created_at", "updated_at") VALUES (?, ?, ?, ?, ?, ?)[0m  [["provider", "twitter"], ["uid", "3148157702"], ["nickname", "nemu_ism"], ["image_url", "http://pbs.twimg.com/profile_images/727189492482756608/hUzBs_Sw_normal.jpg"], ["created_at", "2017-07-17 09:47:12.395776"], ["updated_at", "2017-07-17 09:47:12.395776"]]
  [1m[35m (5.2ms)[0m  [1m[36mcommit transaction[0m
Redirected to http://localhost:3000/
Completed 302 Found in 41ms (ActiveRecord: 9.5ms)


Started GET "/" for 127.0.0.1 at 2017-07-17 18:47:12 +0900
Processing by HomesController#top as HTML
  Rendering homes/top.html.slim within layouts/application
  Rendered homes/top.html.slim within layouts/application (7.4ms)
Completed 200 OK in 23ms (Views: 22.1ms | ActiveRecord: 0.0ms)


Started GET "/" for 127.0.0.1 at 2017-07-17 18:49:25 +0900
Processing by HomesController#top as HTML
  Rendering homes/top.html.slim within layouts/application
  [1m[36mUser Load (0.3ms)[0m  [1m[34mSELECT  "users".* FROM "users" WHERE "users"."id" = ? LIMIT ?[0m  [["id", 1], ["LIMIT", 1]]
  Rendered homes/top.html.slim within layouts/application (25.9ms)
Completed 500 Internal Server Error in 30ms (ActiveRecord: 0.3ms)


  
ActionView::Template::Error (wrong number of arguments (given 0, expected 1..2)):
    2: p Find me in app/views/homes/top.html.slim
    3: 
    4: - if logged_in?
    5:   = image_tag current_user.try(image_url)
    6:   = label_tag current_user.try(nickname)
    7:   br
    8:   = link_to 'ãƒ­ã‚°ã‚¢ã‚¦ãƒˆ', logout_path
  
app/views/homes/top.html.slim:5:in `_app_views_homes_top_html_slim___1437405066636804155_69938526265160'
Started GET "/" for 127.0.0.1 at 2017-07-17 18:54:29 +0900
Processing by HomesController#top as HTML
  Rendering homes/top.html.slim within layouts/application
  [1m[36mUser Load (0.6ms)[0m  [1m[34mSELECT  "users".* FROM "users" WHERE "users"."id" = ? LIMIT ?[0m  [["id", 1], ["LIMIT", 1]]
  Rendered homes/top.html.slim within layouts/application (8.1ms)
Completed 200 OK in 22ms (Views: 20.6ms | ActiveRecord: 0.6ms)


Started GET "/logout" for 127.0.0.1 at 2017-07-17 18:54:35 +0900
Processing by SessionsController#destroy as HTML
Redirected to http://localhost:3000/
Completed 302 Found in 1ms (ActiveRecord: 0.0ms)


Started GET "/" for 127.0.0.1 at 2017-07-17 18:54:35 +0900
Processing by HomesController#top as HTML
  Rendering homes/top.html.slim within layouts/application
  Rendered homes/top.html.slim within layouts/application (2.6ms)
Completed 200 OK in 11ms (Views: 10.5ms | ActiveRecord: 0.0ms)


Started GET "/auth/twitter" for 127.0.0.1 at 2017-07-17 18:54:36 +0900
Started GET "/auth/twitter/callback?oauth_token=GrbQMQAAAAAA1O4PAAABXU_4klo&oauth_verifier=xvnaGrLP3wOFPtwBAQpi3nY0jJVpG8IX" for 127.0.0.1 at 2017-07-17 18:54:37 +0900
Processing by SessionsController#create as HTML
  Parameters: {"oauth_token"=>"GrbQMQAAAAAA1O4PAAABXU_4klo", "oauth_verifier"=>"xvnaGrLP3wOFPtwBAQpi3nY0jJVpG8IX", "provider"=>"twitter"}
  [1m[36mUser Load (0.4ms)[0m  [1m[34mSELECT  "users".* FROM "users" WHERE "users"."provider" = ? AND "users"."uid" = ? LIMIT ?[0m  [["provider", "twitter"], ["uid", "3148157702"], ["LIMIT", 1]]
Redirected to http://localhost:3000/
Completed 302 Found in 3ms (ActiveRecord: 0.4ms)


Started GET "/" for 127.0.0.1 at 2017-07-17 18:54:38 +0900
Processing by HomesController#top as HTML
  Rendering homes/top.html.slim within layouts/application
  [1m[36mUser Load (0.2ms)[0m  [1m[34mSELECT  "users".* FROM "users" WHERE "users"."id" = ? LIMIT ?[0m  [["id", 1], ["LIMIT", 1]]
  Rendered homes/top.html.slim within layouts/application (6.3ms)
Completed 200 OK in 21ms (Views: 19.8ms | ActiveRecord: 0.2ms)


Started GET "/" for 127.0.0.1 at 2017-07-17 18:54:58 +0900
Processing by HomesController#top as HTML
  Rendering homes/top.html.slim within layouts/application
  [1m[36mUser Load (0.1ms)[0m  [1m[34mSELECT  "users".* FROM "users" WHERE "users"."id" = ? LIMIT ?[0m  [["id", 1], ["LIMIT", 1]]
  Rendered homes/top.html.slim within layouts/application (3.7ms)
Completed 200 OK in 12ms (Views: 10.7ms | ActiveRecord: 0.1ms)


Started GET "/" for 127.0.0.1 at 2017-07-17 18:55:02 +0900
Processing by HomesController#top as HTML
  Rendering homes/top.html.slim within layouts/application
  [1m[36mUser Load (0.1ms)[0m  [1m[34mSELECT  "users".* FROM "users" WHERE "users"."id" = ? LIMIT ?[0m  [["id", 1], ["LIMIT", 1]]
  Rendered homes/top.html.slim within layouts/application (4.9ms)
Completed 200 OK in 15ms (Views: 12.9ms | ActiveRecord: 0.1ms)


Started GET "/" for 127.0.0.1 at 2017-07-17 18:55:10 +0900
Processing by HomesController#top as HTML
  Rendering homes/top.html.slim within layouts/application
  [1m[36mUser Load (0.2ms)[0m  [1m[34mSELECT  "users".* FROM "users" WHERE "users"."id" = ? LIMIT ?[0m  [["id", 1], ["LIMIT", 1]]
  Rendered homes/top.html.slim within layouts/application (7.3ms)
Completed 200 OK in 24ms (Views: 23.0ms | ActiveRecord: 0.2ms)


Started GET "/" for 127.0.0.1 at 2017-07-17 18:55:12 +0900
Processing by HomesController#top as HTML
  Rendering homes/top.html.slim within layouts/application
  [1m[36mUser Load (0.1ms)[0m  [1m[34mSELECT  "users".* FROM "users" WHERE "users"."id" = ? LIMIT ?[0m  [["id", 1], ["LIMIT", 1]]
  Rendered homes/top.html.slim within layouts/application (3.9ms)
Completed 200 OK in 13ms (Views: 12.7ms | ActiveRecord: 0.1ms)


  [1m[35m (0.2ms)[0m  [1m[34mSELECT "schema_migrations"."version" FROM "schema_migrations" ORDER BY "schema_migrations"."version" ASC[0m
  [1m[35m (0.1ms)[0m  [1m[34mSELECT "ar_internal_metadata"."value" FROM "ar_internal_metadata" WHERE "ar_internal_metadata"."key" = ?[0m  [["key", "environment"]]
  [1m[35m (0.1ms)[0m  [1m[34mSELECT "schema_migrations"."version" FROM "schema_migrations" ORDER BY "schema_migrations"."version" ASC[0m
  [1m[35m (0.1ms)[0m  [1m[34mSELECT "ar_internal_metadata"."value" FROM "ar_internal_metadata" WHERE "ar_internal_metadata"."key" = ?[0m  [["key", "environment"]]
  [1m[35m (0.0ms)[0m  [1m[34mSELECT "schema_migrations"."version" FROM "schema_migrations" ORDER BY "schema_migrations"."version" ASC[0m
  [1m[35m (0.1ms)[0m  [1m[34mSELECT "ar_internal_metadata"."value" FROM "ar_internal_metadata" WHERE "ar_internal_metadata"."key" = ?[0m  [["key", "environment"]]
  [1m[35m (0.1ms)[0m  [1m[35mDROP TABLE IF EXISTS "users"[0m
  [1m[35m (0.1ms)[0m  [1m[34mSELECT sqlite_version(*)[0m
  [1m[35m (6.9ms)[0m  [1m[35mCREATE TABLE "users" ("id" INTEGER PRIMARY KEY AUTOINCREMENT NOT NULL, "provider" varchar, "uid" varchar, "nickname" varchar, "image_url" varchar, "created_at" datetime NOT NULL, "updated_at" datetime NOT NULL)[0m
  [1m[35m (4.4ms)[0m  [1m[35mCREATE TABLE "schema_migrations" ("version" varchar NOT NULL PRIMARY KEY)[0m
  [1m[35m (0.2ms)[0m  [1m[34mSELECT "schema_migrations"."version" FROM "schema_migrations" ORDER BY "schema_migrations"."version" ASC[0m
  [1m[35m (3.3ms)[0m  [1m[32mINSERT INTO "schema_migrations" (version) VALUES (20170717045521)[0m
  [1m[35m (4.6ms)[0m  [1m[35mCREATE TABLE "ar_internal_metadata" ("key" varchar NOT NULL PRIMARY KEY, "value" varchar, "created_at" datetime NOT NULL, "updated_at" datetime NOT NULL)[0m
  [1m[36mActiveRecord::InternalMetadata Load (0.2ms)[0m  [1m[34mSELECT  "ar_internal_metadata".* FROM "ar_internal_metadata" WHERE "ar_internal_metadata"."key" = ? LIMIT ?[0m  [["key", "environment"], ["LIMIT", 1]]
  [1m[35m (0.1ms)[0m  [1m[36mbegin transaction[0m
  [1m[35mSQL (0.3ms)[0m  [1m[32mINSERT INTO "ar_internal_metadata" ("key", "value", "created_at", "updated_at") VALUES (?, ?, ?, ?)[0m  [["key", "environment"], ["value", "development"], ["created_at", "2017-07-17 10:07:13.681306"], ["updated_at", "2017-07-17 10:07:13.681306"]]
  [1m[35m (3.4ms)[0m  [1m[36mcommit transaction[0m
  [1m[36mActiveRecord::InternalMetadata Load (0.1ms)[0m  [1m[34mSELECT  "ar_internal_metadata".* FROM "ar_internal_metadata" WHERE "ar_internal_metadata"."key" = ? LIMIT ?[0m  [["key", "environment"], ["LIMIT", 1]]
  [1m[35m (0.1ms)[0m  [1m[36mbegin transaction[0m
  [1m[35m (0.1ms)[0m  [1m[36mcommit transaction[0m
  [1m[35m (0.1ms)[0m  [1m[35mDROP TABLE IF EXISTS "users"[0m
  [1m[35m (0.1ms)[0m  [1m[34mSELECT sqlite_version(*)[0m
  [1m[35m (5.0ms)[0m  [1m[35mCREATE TABLE "users" ("id" INTEGER PRIMARY KEY AUTOINCREMENT NOT NULL, "provider" varchar, "uid" varchar, "nickname" varchar, "image_url" varchar, "created_at" datetime NOT NULL, "updated_at" datetime NOT NULL)[0m
  [1m[35m (4.5ms)[0m  [1m[35mCREATE TABLE "schema_migrations" ("version" varchar NOT NULL PRIMARY KEY)[0m
  [1m[35m (0.2ms)[0m  [1m[34mSELECT "schema_migrations"."version" FROM "schema_migrations" ORDER BY "schema_migrations"."version" ASC[0m
  [1m[35m (3.5ms)[0m  [1m[32mINSERT INTO "schema_migrations" (version) VALUES (20170717045521)[0m
  [1m[35m (4.2ms)[0m  [1m[35mCREATE TABLE "ar_internal_metadata" ("key" varchar NOT NULL PRIMARY KEY, "value" varchar, "created_at" datetime NOT NULL, "updated_at" datetime NOT NULL)[0m
  [1m[36mActiveRecord::InternalMetadata Load (0.2ms)[0m  [1m[34mSELECT  "ar_internal_metadata".* FROM "ar_internal_metadata" WHERE "ar_internal_metadata"."key" = ? LIMIT ?[0m  [["key", "environment"], ["LIMIT", 1]]
  [1m[35m (0.1ms)[0m  [1m[36mbegin transaction[0m
  [1m[35mSQL (0.2ms)[0m  [1m[32mINSERT INTO "ar_internal_metadata" ("key", "value", "created_at", "updated_at") VALUES (?, ?, ?, ?)[0m  [["key", "environment"], ["value", "development"], ["created_at", "2017-07-17 10:07:13.721060"], ["updated_at", "2017-07-17 10:07:13.721060"]]
  [1m[35m (3.3ms)[0m  [1m[36mcommit transaction[0m
  [1m[36mActiveRecord::InternalMetadata Load (0.1ms)[0m  [1m[34mSELECT  "ar_internal_metadata".* FROM "ar_internal_metadata" WHERE "ar_internal_metadata"."key" = ? LIMIT ?[0m  [["key", "environment"], ["LIMIT", 1]]
  [1m[35m (0.0ms)[0m  [1m[36mbegin transaction[0m
  [1m[35m (0.0ms)[0m  [1m[36mcommit transaction[0m
  [1m[35m (0.1ms)[0m  [1m[34mSELECT "schema_migrations"."version" FROM "schema_migrations" ORDER BY "schema_migrations"."version" ASC[0m
  [1m[35m (0.2ms)[0m  [1m[34mSELECT "schema_migrations"."version" FROM "schema_migrations" ORDER BY "schema_migrations"."version" ASC[0m
Migrating to CreateUsers (20170717100842)
  [1m[35m (0.1ms)[0m  [1m[36mbegin transaction[0m
  [1m[35m (0.1ms)[0m  [1m[34mSELECT sqlite_version(*)[0m
  [1m[35m (0.3ms)[0m  [1m[35mCREATE TABLE "users" ("id" INTEGER PRIMARY KEY AUTOINCREMENT NOT NULL, "provider" varchar, "uid" varchar, "name" varchar, "nickname" varchar, "image_url" varchar, "token" varchar, "secret" varchar, "created_at" datetime NOT NULL, "updated_at" datetime NOT NULL)[0m
  [1m[35m (0.1ms)[0m  [1m[31mrollback transaction[0m
Started GET "/" for 127.0.0.1 at 2017-07-17 19:15:13 +0900
  [1m[35m (0.2ms)[0m  [1m[34mSELECT "schema_migrations"."version" FROM "schema_migrations" ORDER BY "schema_migrations"."version" ASC[0m
  
ActiveRecord::PendingMigrationError (

Migrations are pending. To resolve this issue, run:

        bin/rails db:migrate RAILS_ENV=development

):
  
activerecord (5.1.2) lib/active_record/migration.rb:576:in `check_pending!'
activerecord (5.1.2) lib/active_record/migration.rb:553:in `call'
actionpack (5.1.2) lib/action_dispatch/middleware/callbacks.rb:26:in `block in call'
activesupport (5.1.2) lib/active_support/callbacks.rb:97:in `run_callbacks'
actionpack (5.1.2) lib/action_dispatch/middleware/callbacks.rb:24:in `call'
actionpack (5.1.2) lib/action_dispatch/middleware/executor.rb:12:in `call'
actionpack (5.1.2) lib/action_dispatch/middleware/debug_exceptions.rb:59:in `call'
web-console (3.5.1) lib/web_console/middleware.rb:135:in `call_app'
web-console (3.5.1) lib/web_console/middleware.rb:28:in `block in call'
web-console (3.5.1) lib/web_console/middleware.rb:18:in `catch'
web-console (3.5.1) lib/web_console/middleware.rb:18:in `call'
actionpack (5.1.2) lib/action_dispatch/middleware/show_exceptions.rb:31:in `call'
railties (5.1.2) lib/rails/rack/logger.rb:36:in `call_app'
railties (5.1.2) lib/rails/rack/logger.rb:24:in `block in call'
activesupport (5.1.2) lib/active_support/tagged_logging.rb:69:in `block in tagged'
activesupport (5.1.2) lib/active_support/tagged_logging.rb:26:in `tagged'
activesupport (5.1.2) lib/active_support/tagged_logging.rb:69:in `tagged'
railties (5.1.2) lib/rails/rack/logger.rb:24:in `call'
sprockets-rails (3.2.0) lib/sprockets/rails/quiet_assets.rb:13:in `call'
actionpack (5.1.2) lib/action_dispatch/middleware/remote_ip.rb:79:in `call'
actionpack (5.1.2) lib/action_dispatch/middleware/request_id.rb:25:in `call'
rack (2.0.3) lib/rack/method_override.rb:22:in `call'
rack (2.0.3) lib/rack/runtime.rb:22:in `call'
activesupport (5.1.2) lib/active_support/cache/strategy/local_cache_middleware.rb:27:in `call'
actionpack (5.1.2) lib/action_dispatch/middleware/executor.rb:12:in `call'
actionpack (5.1.2) lib/action_dispatch/middleware/static.rb:125:in `call'
rack (2.0.3) lib/rack/sendfile.rb:111:in `call'
railties (5.1.2) lib/rails/engine.rb:522:in `call'
puma (3.9.1) lib/puma/configuration.rb:224:in `call'
puma (3.9.1) lib/puma/server.rb:602:in `handle_request'
puma (3.9.1) lib/puma/server.rb:435:in `process_client'
puma (3.9.1) lib/puma/server.rb:299:in `block in run'
puma (3.9.1) lib/puma/thread_pool.rb:120:in `block in spawn_thread'
  [1m[35m (0.1ms)[0m  [1m[34mSELECT "schema_migrations"."version" FROM "schema_migrations" ORDER BY "schema_migrations"."version" ASC[0m
Migrating to CreateUsers (20170717100842)
  [1m[35m (0.0ms)[0m  [1m[36mbegin transaction[0m
  [1m[35m (0.1ms)[0m  [1m[34mSELECT sqlite_version(*)[0m
  [1m[35m (0.2ms)[0m  [1m[35mCREATE TABLE "users" ("id" INTEGER PRIMARY KEY AUTOINCREMENT NOT NULL, "provider" varchar, "uid" varchar, "name" varchar, "nickname" varchar, "image_url" varchar, "token" varchar, "secret" varchar, "created_at" datetime NOT NULL, "updated_at" datetime NOT NULL)[0m
  [1m[35m (0.0ms)[0m  [1m[31mrollback transaction[0m
Started GET "/" for 127.0.0.1 at 2017-07-17 19:16:04 +0900
  [1m[35m (0.2ms)[0m  [1m[34mSELECT "schema_migrations"."version" FROM "schema_migrations" ORDER BY "schema_migrations"."version" ASC[0m
  
ActiveRecord::PendingMigrationError (

Migrations are pending. To resolve this issue, run:

        bin/rails db:migrate RAILS_ENV=development

):
  
activerecord (5.1.2) lib/active_record/migration.rb:576:in `check_pending!'
activerecord (5.1.2) lib/active_record/migration.rb:553:in `call'
actionpack (5.1.2) lib/action_dispatch/middleware/callbacks.rb:26:in `block in call'
activesupport (5.1.2) lib/active_support/callbacks.rb:97:in `run_callbacks'
actionpack (5.1.2) lib/action_dispatch/middleware/callbacks.rb:24:in `call'
actionpack (5.1.2) lib/action_dispatch/middleware/executor.rb:12:in `call'
actionpack (5.1.2) lib/action_dispatch/middleware/debug_exceptions.rb:59:in `call'
web-console (3.5.1) lib/web_console/middleware.rb:135:in `call_app'
web-console (3.5.1) lib/web_console/middleware.rb:28:in `block in call'
web-console (3.5.1) lib/web_console/middleware.rb:18:in `catch'
web-console (3.5.1) lib/web_console/middleware.rb:18:in `call'
actionpack (5.1.2) lib/action_dispatch/middleware/show_exceptions.rb:31:in `call'
railties (5.1.2) lib/rails/rack/logger.rb:36:in `call_app'
railties (5.1.2) lib/rails/rack/logger.rb:24:in `block in call'
activesupport (5.1.2) lib/active_support/tagged_logging.rb:69:in `block in tagged'
activesupport (5.1.2) lib/active_support/tagged_logging.rb:26:in `tagged'
activesupport (5.1.2) lib/active_support/tagged_logging.rb:69:in `tagged'
railties (5.1.2) lib/rails/rack/logger.rb:24:in `call'
sprockets-rails (3.2.0) lib/sprockets/rails/quiet_assets.rb:13:in `call'
actionpack (5.1.2) lib/action_dispatch/middleware/remote_ip.rb:79:in `call'
actionpack (5.1.2) lib/action_dispatch/middleware/request_id.rb:25:in `call'
rack (2.0.3) lib/rack/method_override.rb:22:in `call'
rack (2.0.3) lib/rack/runtime.rb:22:in `call'
activesupport (5.1.2) lib/active_support/cache/strategy/local_cache_middleware.rb:27:in `call'
actionpack (5.1.2) lib/action_dispatch/middleware/executor.rb:12:in `call'
actionpack (5.1.2) lib/action_dispatch/middleware/static.rb:125:in `call'
rack (2.0.3) lib/rack/sendfile.rb:111:in `call'
railties (5.1.2) lib/rails/engine.rb:522:in `call'
puma (3.9.1) lib/puma/configuration.rb:224:in `call'
puma (3.9.1) lib/puma/server.rb:602:in `handle_request'
puma (3.9.1) lib/puma/server.rb:435:in `process_client'
puma (3.9.1) lib/puma/server.rb:299:in `block in run'
puma (3.9.1) lib/puma/thread_pool.rb:120:in `block in spawn_thread'
Started GET "/" for 127.0.0.1 at 2017-07-17 19:16:40 +0900
  [1m[35m (0.1ms)[0m  [1m[34mSELECT "schema_migrations"."version" FROM "schema_migrations" ORDER BY "schema_migrations"."version" ASC[0m
  
ActiveRecord::PendingMigrationError (

Migrations are pending. To resolve this issue, run:

        bin/rails db:migrate RAILS_ENV=development

):
  
activerecord (5.1.2) lib/active_record/migration.rb:576:in `check_pending!'
activerecord (5.1.2) lib/active_record/migration.rb:553:in `call'
actionpack (5.1.2) lib/action_dispatch/middleware/callbacks.rb:26:in `block in call'
activesupport (5.1.2) lib/active_support/callbacks.rb:97:in `run_callbacks'
actionpack (5.1.2) lib/action_dispatch/middleware/callbacks.rb:24:in `call'
actionpack (5.1.2) lib/action_dispatch/middleware/executor.rb:12:in `call'
actionpack (5.1.2) lib/action_dispatch/middleware/debug_exceptions.rb:59:in `call'
web-console (3.5.1) lib/web_console/middleware.rb:135:in `call_app'
web-console (3.5.1) lib/web_console/middleware.rb:28:in `block in call'
web-console (3.5.1) lib/web_console/middleware.rb:18:in `catch'
web-console (3.5.1) lib/web_console/middleware.rb:18:in `call'
actionpack (5.1.2) lib/action_dispatch/middleware/show_exceptions.rb:31:in `call'
railties (5.1.2) lib/rails/rack/logger.rb:36:in `call_app'
railties (5.1.2) lib/rails/rack/logger.rb:24:in `block in call'
activesupport (5.1.2) lib/active_support/tagged_logging.rb:69:in `block in tagged'
activesupport (5.1.2) lib/active_support/tagged_logging.rb:26:in `tagged'
activesupport (5.1.2) lib/active_support/tagged_logging.rb:69:in `tagged'
railties (5.1.2) lib/rails/rack/logger.rb:24:in `call'
sprockets-rails (3.2.0) lib/sprockets/rails/quiet_assets.rb:13:in `call'
actionpack (5.1.2) lib/action_dispatch/middleware/remote_ip.rb:79:in `call'
actionpack (5.1.2) lib/action_dispatch/middleware/request_id.rb:25:in `call'
rack (2.0.3) lib/rack/method_override.rb:22:in `call'
rack (2.0.3) lib/rack/runtime.rb:22:in `call'
activesupport (5.1.2) lib/active_support/cache/strategy/local_cache_middleware.rb:27:in `call'
actionpack (5.1.2) lib/action_dispatch/middleware/executor.rb:12:in `call'
actionpack (5.1.2) lib/action_dispatch/middleware/static.rb:125:in `call'
rack (2.0.3) lib/rack/sendfile.rb:111:in `call'
railties (5.1.2) lib/rails/engine.rb:522:in `call'
puma (3.9.1) lib/puma/configuration.rb:224:in `call'
puma (3.9.1) lib/puma/server.rb:602:in `handle_request'
puma (3.9.1) lib/puma/server.rb:435:in `process_client'
puma (3.9.1) lib/puma/server.rb:299:in `block in run'
puma (3.9.1) lib/puma/thread_pool.rb:120:in `block in spawn_thread'
Started GET "/" for 127.0.0.1 at 2017-07-17 19:17:21 +0900
  [1m[35m (0.1ms)[0m  [1m[34mSELECT "schema_migrations"."version" FROM "schema_migrations" ORDER BY "schema_migrations"."version" ASC[0m
  
ActiveRecord::PendingMigrationError (

Migrations are pending. To resolve this issue, run:

        bin/rails db:migrate RAILS_ENV=development

):
  
activerecord (5.1.2) lib/active_record/migration.rb:576:in `check_pending!'
activerecord (5.1.2) lib/active_record/migration.rb:553:in `call'
actionpack (5.1.2) lib/action_dispatch/middleware/callbacks.rb:26:in `block in call'
activesupport (5.1.2) lib/active_support/callbacks.rb:97:in `run_callbacks'
actionpack (5.1.2) lib/action_dispatch/middleware/callbacks.rb:24:in `call'
actionpack (5.1.2) lib/action_dispatch/middleware/executor.rb:12:in `call'
actionpack (5.1.2) lib/action_dispatch/middleware/debug_exceptions.rb:59:in `call'
web-console (3.5.1) lib/web_console/middleware.rb:135:in `call_app'
web-console (3.5.1) lib/web_console/middleware.rb:28:in `block in call'
web-console (3.5.1) lib/web_console/middleware.rb:18:in `catch'
web-console (3.5.1) lib/web_console/middleware.rb:18:in `call'
actionpack (5.1.2) lib/action_dispatch/middleware/show_exceptions.rb:31:in `call'
railties (5.1.2) lib/rails/rack/logger.rb:36:in `call_app'
railties (5.1.2) lib/rails/rack/logger.rb:24:in `block in call'
activesupport (5.1.2) lib/active_support/tagged_logging.rb:69:in `block in tagged'
activesupport (5.1.2) lib/active_support/tagged_logging.rb:26:in `tagged'
activesupport (5.1.2) lib/active_support/tagged_logging.rb:69:in `tagged'
railties (5.1.2) lib/rails/rack/logger.rb:24:in `call'
sprockets-rails (3.2.0) lib/sprockets/rails/quiet_assets.rb:13:in `call'
actionpack (5.1.2) lib/action_dispatch/middleware/remote_ip.rb:79:in `call'
actionpack (5.1.2) lib/action_dispatch/middleware/request_id.rb:25:in `call'
rack (2.0.3) lib/rack/method_override.rb:22:in `call'
rack (2.0.3) lib/rack/runtime.rb:22:in `call'
activesupport (5.1.2) lib/active_support/cache/strategy/local_cache_middleware.rb:27:in `call'
actionpack (5.1.2) lib/action_dispatch/middleware/executor.rb:12:in `call'
actionpack (5.1.2) lib/action_dispatch/middleware/static.rb:125:in `call'
rack (2.0.3) lib/rack/sendfile.rb:111:in `call'
railties (5.1.2) lib/rails/engine.rb:522:in `call'
puma (3.9.1) lib/puma/configuration.rb:224:in `call'
puma (3.9.1) lib/puma/server.rb:602:in `handle_request'
puma (3.9.1) lib/puma/server.rb:435:in `process_client'
puma (3.9.1) lib/puma/server.rb:299:in `block in run'
puma (3.9.1) lib/puma/thread_pool.rb:120:in `block in spawn_thread'
Started GET "/" for 127.0.0.1 at 2017-07-17 19:17:23 +0900
  [1m[35m (0.3ms)[0m  [1m[34mSELECT "schema_migrations"."version" FROM "schema_migrations" ORDER BY "schema_migrations"."version" ASC[0m
  
ActiveRecord::PendingMigrationError (

Migrations are pending. To resolve this issue, run:

        bin/rails db:migrate RAILS_ENV=development

):
  
activerecord (5.1.2) lib/active_record/migration.rb:576:in `check_pending!'
activerecord (5.1.2) lib/active_record/migration.rb:553:in `call'
actionpack (5.1.2) lib/action_dispatch/middleware/callbacks.rb:26:in `block in call'
activesupport (5.1.2) lib/active_support/callbacks.rb:97:in `run_callbacks'
actionpack (5.1.2) lib/action_dispatch/middleware/callbacks.rb:24:in `call'
actionpack (5.1.2) lib/action_dispatch/middleware/executor.rb:12:in `call'
actionpack (5.1.2) lib/action_dispatch/middleware/debug_exceptions.rb:59:in `call'
web-console (3.5.1) lib/web_console/middleware.rb:135:in `call_app'
web-console (3.5.1) lib/web_console/middleware.rb:28:in `block in call'
web-console (3.5.1) lib/web_console/middleware.rb:18:in `catch'
web-console (3.5.1) lib/web_console/middleware.rb:18:in `call'
actionpack (5.1.2) lib/action_dispatch/middleware/show_exceptions.rb:31:in `call'
railties (5.1.2) lib/rails/rack/logger.rb:36:in `call_app'
railties (5.1.2) lib/rails/rack/logger.rb:24:in `block in call'
activesupport (5.1.2) lib/active_support/tagged_logging.rb:69:in `block in tagged'
activesupport (5.1.2) lib/active_support/tagged_logging.rb:26:in `tagged'
activesupport (5.1.2) lib/active_support/tagged_logging.rb:69:in `tagged'
railties (5.1.2) lib/rails/rack/logger.rb:24:in `call'
sprockets-rails (3.2.0) lib/sprockets/rails/quiet_assets.rb:13:in `call'
actionpack (5.1.2) lib/action_dispatch/middleware/remote_ip.rb:79:in `call'
actionpack (5.1.2) lib/action_dispatch/middleware/request_id.rb:25:in `call'
rack (2.0.3) lib/rack/method_override.rb:22:in `call'
rack (2.0.3) lib/rack/runtime.rb:22:in `call'
activesupport (5.1.2) lib/active_support/cache/strategy/local_cache_middleware.rb:27:in `call'
actionpack (5.1.2) lib/action_dispatch/middleware/executor.rb:12:in `call'
actionpack (5.1.2) lib/action_dispatch/middleware/static.rb:125:in `call'
rack (2.0.3) lib/rack/sendfile.rb:111:in `call'
railties (5.1.2) lib/rails/engine.rb:522:in `call'
puma (3.9.1) lib/puma/configuration.rb:224:in `call'
puma (3.9.1) lib/puma/server.rb:602:in `handle_request'
puma (3.9.1) lib/puma/server.rb:435:in `process_client'
puma (3.9.1) lib/puma/server.rb:299:in `block in run'
puma (3.9.1) lib/puma/thread_pool.rb:120:in `block in spawn_thread'
Started GET "/" for 127.0.0.1 at 2017-07-17 19:17:26 +0900
  [1m[35m (0.1ms)[0m  [1m[34mSELECT "schema_migrations"."version" FROM "schema_migrations" ORDER BY "schema_migrations"."version" ASC[0m
  
ActiveRecord::PendingMigrationError (

Migrations are pending. To resolve this issue, run:

        bin/rails db:migrate RAILS_ENV=development

):
  
activerecord (5.1.2) lib/active_record/migration.rb:576:in `check_pending!'
activerecord (5.1.2) lib/active_record/migration.rb:553:in `call'
actionpack (5.1.2) lib/action_dispatch/middleware/callbacks.rb:26:in `block in call'
activesupport (5.1.2) lib/active_support/callbacks.rb:97:in `run_callbacks'
actionpack (5.1.2) lib/action_dispatch/middleware/callbacks.rb:24:in `call'
actionpack (5.1.2) lib/action_dispatch/middleware/executor.rb:12:in `call'
actionpack (5.1.2) lib/action_dispatch/middleware/debug_exceptions.rb:59:in `call'
web-console (3.5.1) lib/web_console/middleware.rb:135:in `call_app'
web-console (3.5.1) lib/web_console/middleware.rb:28:in `block in call'
web-console (3.5.1) lib/web_console/middleware.rb:18:in `catch'
web-console (3.5.1) lib/web_console/middleware.rb:18:in `call'
actionpack (5.1.2) lib/action_dispatch/middleware/show_exceptions.rb:31:in `call'
railties (5.1.2) lib/rails/rack/logger.rb:36:in `call_app'
railties (5.1.2) lib/rails/rack/logger.rb:24:in `block in call'
activesupport (5.1.2) lib/active_support/tagged_logging.rb:69:in `block in tagged'
activesupport (5.1.2) lib/active_support/tagged_logging.rb:26:in `tagged'
activesupport (5.1.2) lib/active_support/tagged_logging.rb:69:in `tagged'
railties (5.1.2) lib/rails/rack/logger.rb:24:in `call'
sprockets-rails (3.2.0) lib/sprockets/rails/quiet_assets.rb:13:in `call'
actionpack (5.1.2) lib/action_dispatch/middleware/remote_ip.rb:79:in `call'
actionpack (5.1.2) lib/action_dispatch/middleware/request_id.rb:25:in `call'
rack (2.0.3) lib/rack/method_override.rb:22:in `call'
rack (2.0.3) lib/rack/runtime.rb:22:in `call'
activesupport (5.1.2) lib/active_support/cache/strategy/local_cache_middleware.rb:27:in `call'
actionpack (5.1.2) lib/action_dispatch/middleware/executor.rb:12:in `call'
actionpack (5.1.2) lib/action_dispatch/middleware/static.rb:125:in `call'
rack (2.0.3) lib/rack/sendfile.rb:111:in `call'
railties (5.1.2) lib/rails/engine.rb:522:in `call'
puma (3.9.1) lib/puma/configuration.rb:224:in `call'
puma (3.9.1) lib/puma/server.rb:602:in `handle_request'
puma (3.9.1) lib/puma/server.rb:435:in `process_client'
puma (3.9.1) lib/puma/server.rb:299:in `block in run'
puma (3.9.1) lib/puma/thread_pool.rb:120:in `block in spawn_thread'
Started POST "/__web_console/repl_sessions/540795748b3ac8c92e5bb1df2b531695/trace" for 127.0.0.1 at 2017-07-17 19:17:30 +0900
Started POST "/__web_console/repl_sessions/540795748b3ac8c92e5bb1df2b531695/trace" for 127.0.0.1 at 2017-07-17 19:17:31 +0900
Started POST "/__web_console/repl_sessions/540795748b3ac8c92e5bb1df2b531695/trace" for 127.0.0.1 at 2017-07-17 19:17:34 +0900
Started POST "/__web_console/repl_sessions/540795748b3ac8c92e5bb1df2b531695/trace" for 127.0.0.1 at 2017-07-17 19:17:36 +0900
  [1m[35m (0.1ms)[0m  [1m[34mSELECT "schema_migrations"."version" FROM "schema_migrations" ORDER BY "schema_migrations"."version" ASC[0m
  [1m[35m (0.1ms)[0m  [1m[34mSELECT "ar_internal_metadata"."value" FROM "ar_internal_metadata" WHERE "ar_internal_metadata"."key" = ?[0m  [["key", "environment"]]
  [1m[35m (0.1ms)[0m  [1m[34mSELECT "schema_migrations"."version" FROM "schema_migrations" ORDER BY "schema_migrations"."version" ASC[0m
  [1m[35m (0.1ms)[0m  [1m[34mSELECT "ar_internal_metadata"."value" FROM "ar_internal_metadata" WHERE "ar_internal_metadata"."key" = ?[0m  [["key", "environment"]]
  [1m[35m (0.1ms)[0m  [1m[34mSELECT "schema_migrations"."version" FROM "schema_migrations" ORDER BY "schema_migrations"."version" ASC[0m
  [1m[35m (0.1ms)[0m  [1m[34mSELECT "ar_internal_metadata"."value" FROM "ar_internal_metadata" WHERE "ar_internal_metadata"."key" = ?[0m  [["key", "environment"]]
  [1m[35m (0.1ms)[0m  [1m[34mSELECT sqlite_version(*)[0m
  [1m[35m (6.3ms)[0m  [1m[35mCREATE TABLE "schema_migrations" ("version" varchar NOT NULL PRIMARY KEY)[0m
  [1m[35m (8.2ms)[0m  [1m[35mCREATE TABLE "ar_internal_metadata" ("key" varchar NOT NULL PRIMARY KEY, "value" varchar, "created_at" datetime NOT NULL, "updated_at" datetime NOT NULL)[0m
  [1m[35m (0.2ms)[0m  [1m[34mSELECT "schema_migrations"."version" FROM "schema_migrations" ORDER BY "schema_migrations"."version" ASC[0m
Migrating to CreateUsers (20170717100842)
  [1m[35m (0.1ms)[0m  [1m[36mbegin transaction[0m
  [1m[35m (0.5ms)[0m  [1m[35mCREATE TABLE "users" ("id" INTEGER PRIMARY KEY AUTOINCREMENT NOT NULL, "provider" varchar, "uid" varchar, "name" varchar, "nickname" varchar, "image_url" varchar, "token" varchar, "secret" varchar, "created_at" datetime NOT NULL, "updated_at" datetime NOT NULL)[0m
  [1m[35mSQL (0.1ms)[0m  [1m[32mINSERT INTO "schema_migrations" ("version") VALUES (?)[0m  [["version", "20170717100842"]]
  [1m[35m (4.3ms)[0m  [1m[36mcommit transaction[0m
  [1m[36mActiveRecord::InternalMetadata Load (0.2ms)[0m  [1m[34mSELECT  "ar_internal_metadata".* FROM "ar_internal_metadata" WHERE "ar_internal_metadata"."key" = ? LIMIT ?[0m  [["key", "environment"], ["LIMIT", 1]]
  [1m[35m (0.1ms)[0m  [1m[36mbegin transaction[0m
  [1m[35mSQL (0.3ms)[0m  [1m[32mINSERT INTO "ar_internal_metadata" ("key", "value", "created_at", "updated_at") VALUES (?, ?, ?, ?)[0m  [["key", "environment"], ["value", "development"], ["created_at", "2017-07-17 10:18:47.786448"], ["updated_at", "2017-07-17 10:18:47.786448"]]
  [1m[35m (4.0ms)[0m  [1m[36mcommit transaction[0m
  [1m[35m (0.1ms)[0m  [1m[34mSELECT "schema_migrations"."version" FROM "schema_migrations" ORDER BY "schema_migrations"."version" ASC[0m
Started GET "/" for 127.0.0.1 at 2017-07-17 19:19:19 +0900
  [1m[35m (0.2ms)[0m  [1m[34mSELECT "schema_migrations"."version" FROM "schema_migrations" ORDER BY "schema_migrations"."version" ASC[0m
Processing by HomesController#top as HTML
  Rendering homes/top.html.slim within layouts/application
  [1m[36mUser Load (0.6ms)[0m  [1m[34mSELECT  "users".* FROM "users" WHERE "users"."id" = ? LIMIT ?[0m  [["id", 1], ["LIMIT", 1]]
  Rendered homes/top.html.slim within layouts/application (35.5ms)
Completed 500 Internal Server Error in 40ms (ActiveRecord: 1.0ms)


  
ActionView::Template::Error (nil is not a valid asset source):
    2: p Find me in app/views/homes/top.html.slim
    3: 
    4: - if logged_in?
    5:   = image_tag current_user.try(:image_url)
    6:   = label_tag current_user.try(:name)
    7:   br
    8:   = link_to 'ãƒ­ã‚°ã‚¢ã‚¦ãƒˆ', logout_path
  
app/views/homes/top.html.slim:5:in `_app_views_homes_top_html_slim___4606625675178576315_47430847593160'
Started GET "/" for 127.0.0.1 at 2017-07-17 19:20:51 +0900
  [1m[35m (0.2ms)[0m  [1m[34mSELECT "schema_migrations"."version" FROM "schema_migrations" ORDER BY "schema_migrations"."version" ASC[0m
Processing by HomesController#top as HTML
  Rendering homes/top.html.slim within layouts/application
  [1m[36mUser Load (0.2ms)[0m  [1m[34mSELECT  "users".* FROM "users" WHERE "users"."id" = ? LIMIT ?[0m  [["id", 1], ["LIMIT", 1]]
  Rendered homes/top.html.slim within layouts/application (17.7ms)
Completed 500 Internal Server Error in 22ms (ActiveRecord: 0.6ms)


  
ActionView::Template::Error (undefined method `image_url' for nil:NilClass):
    2: p Find me in app/views/homes/top.html.slim
    3: 
    4: - if logged_in?
    5:   = image_tag current_user.image_url
    6:   = label_tag current_user.name
    7:   br
    8:   = link_to 'ãƒ­ã‚°ã‚¢ã‚¦ãƒˆ', logout_path
  
app/views/homes/top.html.slim:5:in `_app_views_homes_top_html_slim___107991463874404316_47236017745540'
Started GET "/" for 127.0.0.1 at 2017-07-17 19:21:07 +0900
Processing by HomesController#top as HTML
  Rendering homes/top.html.slim within layouts/application
  [1m[36mUser Load (0.2ms)[0m  [1m[34mSELECT  "users".* FROM "users" WHERE "users"."id" = ? LIMIT ?[0m  [["id", 1], ["LIMIT", 1]]
  Rendered homes/top.html.slim within layouts/application (6.3ms)
Completed 500 Internal Server Error in 8ms (ActiveRecord: 0.6ms)


  
ActionView::Template::Error (nil is not a valid asset source):
    2: p Find me in app/views/homes/top.html.slim
    3: 
    4: - if logged_in?
    5:   = image_tag current_user.try(:image_url)
    6:   = label_tag current_user.try(:name)
    7:   br
    8:   = link_to 'ãƒ­ã‚°ã‚¢ã‚¦ãƒˆ', logout_path
  
app/views/homes/top.html.slim:5:in `_app_views_homes_top_html_slim___107991463874404316_47236020809540'
Started POST "/__web_console/repl_sessions/6b11032ba7ee5f61753a0843dbd86b46/trace" for 127.0.0.1 at 2017-07-17 19:23:36 +0900
Started GET "/" for 127.0.0.1 at 2017-07-17 19:25:52 +0900
Processing by HomesController#top as HTML
  Rendering homes/top.html.slim within layouts/application
  [1m[36mUser Load (0.3ms)[0m  [1m[34mSELECT  "users".* FROM "users" WHERE "users"."id" = ? LIMIT ?[0m  [["id", 1], ["LIMIT", 1]]
  Rendered homes/top.html.slim within layouts/application (4.4ms)
Completed 200 OK in 227ms (Views: 226.1ms | ActiveRecord: 0.3ms)


Started GET "/logout" for 127.0.0.1 at 2017-07-17 19:25:54 +0900
Processing by SessionsController#destroy as HTML
Redirected to http://localhost:3000/
Completed 302 Found in 1ms (ActiveRecord: 0.0ms)


Started GET "/" for 127.0.0.1 at 2017-07-17 19:25:54 +0900
Processing by HomesController#top as HTML
  Rendering homes/top.html.slim within layouts/application
  Rendered homes/top.html.slim within layouts/application (4.8ms)
Completed 200 OK in 19ms (Views: 17.5ms | ActiveRecord: 0.0ms)


Started GET "/auth/twitter" for 127.0.0.1 at 2017-07-17 19:25:56 +0900
Started GET "/auth/twitter/callback?oauth_token=vsKlZgAAAAAA1O4PAAABXVAVQHQ&oauth_verifier=cFVFWuhwhV2QhhYVAGRYnIGsXFwdclTU" for 127.0.0.1 at 2017-07-17 19:25:57 +0900
Processing by SessionsController#create as HTML
  Parameters: {"oauth_token"=>"vsKlZgAAAAAA1O4PAAABXVAVQHQ", "oauth_verifier"=>"cFVFWuhwhV2QhhYVAGRYnIGsXFwdclTU", "provider"=>"twitter"}
  [1m[36mUser Load (0.5ms)[0m  [1m[34mSELECT  "users".* FROM "users" WHERE "users"."provider" = ? AND "users"."uid" = ? LIMIT ?[0m  [["provider", "twitter"], ["uid", "3148157702"], ["LIMIT", 1]]
  [1m[35m (0.1ms)[0m  [1m[36mbegin transaction[0m
  [1m[35mSQL (1.0ms)[0m  [1m[32mINSERT INTO "users" ("provider", "uid", "name", "nickname", "image_url", "token", "secret", "created_at", "updated_at") VALUES (?, ?, ?, ?, ?, ?, ?, ?, ?)[0m  [["provider", "twitter"], ["uid", "3148157702"], ["name", "ã¿ã¿ã¿@ãƒžã‚¸ã‚«ãƒ«ãƒŸãƒ©ã‚¤é§†å‹•"], ["nickname", "nemu_ism"], ["image_url", "http://pbs.twimg.com/profile_images/727189492482756608/hUzBs_Sw_normal.jpg"], ["token", "3148157702-yt2jWpsssobq6a4TFMic8wfnhMywkpJJyJbGgPt"], ["secret", "iIQXFmwAA6MIwQraIBNQZFdwDss1CH7VmVImj2Z4RpD4I"], ["created_at", "2017-07-17 10:25:57.747237"], ["updated_at", "2017-07-17 10:25:57.747237"]]
  [1m[35m (5.4ms)[0m  [1m[36mcommit transaction[0m
Redirected to http://localhost:3000/
Completed 302 Found in 28ms (ActiveRecord: 7.6ms)


Started GET "/" for 127.0.0.1 at 2017-07-17 19:25:57 +0900
Processing by HomesController#top as HTML
  Rendering homes/top.html.slim within layouts/application
  [1m[36mUser Load (0.1ms)[0m  [1m[34mSELECT  "users".* FROM "users" WHERE "users"."id" = ? LIMIT ?[0m  [["id", 1], ["LIMIT", 1]]
  Rendered homes/top.html.slim within layouts/application (5.5ms)
Completed 200 OK in 15ms (Views: 13.9ms | ActiveRecord: 0.1ms)


Started GET "/" for 127.0.0.1 at 2017-07-17 19:26:50 +0900
Processing by HomesController#top as HTML
  Rendering homes/top.html.slim within layouts/application
  [1m[36mUser Load (0.2ms)[0m  [1m[34mSELECT  "users".* FROM "users" WHERE "users"."id" = ? LIMIT ?[0m  [["id", 1], ["LIMIT", 1]]
  Rendered homes/top.html.slim within layouts/application (3.5ms)
Completed 200 OK in 13ms (Views: 12.1ms | ActiveRecord: 0.2ms)


Started GET "/" for 127.0.0.1 at 2017-07-17 19:27:12 +0900
Processing by HomesController#top as HTML
  Rendering homes/top.html.slim within layouts/application
  Rendered homes/top.html.slim within layouts/application (2.1ms)
Completed 500 Internal Server Error in 4ms (ActiveRecord: 0.0ms)


  
ActionView::Template::Error (Unknown line indicator
  /home/mimi/desktop/omni_test/app/views/homes/top.html.slim, Line 6, Column 2
    + "@" +
    ^
):
    3: 
    4: - if logged_in?
    5:   = label_tag current_user.try(:name)
    6:   + "@" +
    7:   = label_tag current_user.try(:nickname)
    8:   br
    9:   = link_to 'ãƒ­ã‚°ã‚¢ã‚¦ãƒˆ', logout_path
  
app/views/homes/top.html.slim:6
Started GET "/" for 127.0.0.1 at 2017-07-17 19:28:18 +0900
Processing by HomesController#top as HTML
  Rendering homes/top.html.slim within layouts/application
  Rendered homes/top.html.slim within layouts/application (3.8ms)
Completed 500 Internal Server Error in 6ms (ActiveRecord: 0.0ms)


  
SyntaxError (/home/mimi/desktop/omni_test/app/views/homes/top.html.slim:6: syntax error, unexpected ')'
ils.escape_html_safe((+ "@" +))).to_s)); 
                              ^
/home/mimi/desktop/omni_test/app/views/homes/top.html.slim:10: syntax error, unexpected keyword_else, expecting ')'
; else; 
      ^
/home/mimi/desktop/omni_test/app/views/homes/top.html.slim:12: syntax error, unexpected keyword_end, expecting ')'
; end; @output_buffer
     ^
/home/mimi/desktop/omni_test/app/views/homes/top.html.slim:15: syntax error, unexpected keyword_end, expecting ')'
          end
             ^):
  
app/views/homes/top.html.slim:6: syntax error, unexpected ')'
app/views/homes/top.html.slim:10: syntax error, unexpected keyword_else, expecting ')'
app/views/homes/top.html.slim:12: syntax error, unexpected keyword_end, expecting ')'
app/views/homes/top.html.slim:15: syntax error, unexpected keyword_end, expecting ')'
Started GET "/" for 127.0.0.1 at 2017-07-17 19:28:27 +0900
Processing by HomesController#top as HTML
  Rendering homes/top.html.slim within layouts/application
  Rendered homes/top.html.slim within layouts/application (2.9ms)
Completed 500 Internal Server Error in 4ms (ActiveRecord: 0.0ms)


  
SyntaxError (/home/mimi/desktop/omni_test/app/views/homes/top.html.slim:6: syntax error, unexpected ')'
ils.escape_html_safe((+ "@" +))).to_s)); 
                              ^
/home/mimi/desktop/omni_test/app/views/homes/top.html.slim:10: syntax error, unexpected keyword_else, expecting ')'
; else; 
      ^
/home/mimi/desktop/omni_test/app/views/homes/top.html.slim:12: syntax error, unexpected keyword_end, expecting ')'
; end; @output_buffer
     ^
/home/mimi/desktop/omni_test/app/views/homes/top.html.slim:15: syntax error, unexpected keyword_end, expecting ')'
          end
             ^):
  
app/views/homes/top.html.slim:6: syntax error, unexpected ')'
app/views/homes/top.html.slim:10: syntax error, unexpected keyword_else, expecting ')'
app/views/homes/top.html.slim:12: syntax error, unexpected keyword_end, expecting ')'
app/views/homes/top.html.slim:15: syntax error, unexpected keyword_end, expecting ')'
Started GET "/" for 127.0.0.1 at 2017-07-17 19:28:40 +0900
Processing by HomesController#top as HTML
  Rendering homes/top.html.slim within layouts/application
  [1m[36mUser Load (0.1ms)[0m  [1m[34mSELECT  "users".* FROM "users" WHERE "users"."id" = ? LIMIT ?[0m  [["id", 1], ["LIMIT", 1]]
  Rendered homes/top.html.slim within layouts/application (4.1ms)
Completed 200 OK in 14ms (Views: 13.3ms | ActiveRecord: 0.1ms)


Started GET "/" for 127.0.0.1 at 2017-07-17 19:31:07 +0900
Processing by HomesController#top as HTML
  Rendering homes/top.html.slim within layouts/application
  [1m[36mUser Load (0.2ms)[0m  [1m[34mSELECT  "users".* FROM "users" WHERE "users"."id" = ? LIMIT ?[0m  [["id", 1], ["LIMIT", 1]]
  Rendered homes/top.html.slim within layouts/application (7.1ms)
Completed 200 OK in 20ms (Views: 19.1ms | ActiveRecord: 0.2ms)


Started GET "/" for 127.0.0.1 at 2017-07-17 19:31:28 +0900
Processing by HomesController#top as HTML
  Rendering homes/top.html.slim within layouts/application
  [1m[36mUser Load (0.1ms)[0m  [1m[34mSELECT  "users".* FROM "users" WHERE "users"."id" = ? LIMIT ?[0m  [["id", 1], ["LIMIT", 1]]
  Rendered homes/top.html.slim within layouts/application (4.8ms)
Completed 200 OK in 13ms (Views: 12.2ms | ActiveRecord: 0.1ms)


Started GET "/" for 127.0.0.1 at 2017-07-17 19:32:29 +0900
Processing by HomesController#top as HTML
  Rendering homes/top.html.slim within layouts/application
  [1m[36mUser Load (0.2ms)[0m  [1m[34mSELECT  "users".* FROM "users" WHERE "users"."id" = ? LIMIT ?[0m  [["id", 1], ["LIMIT", 1]]
  Rendered homes/top.html.slim within layouts/application (10.2ms)
Completed 200 OK in 22ms (Views: 21.0ms | ActiveRecord: 0.2ms)


Started GET "/" for 127.0.0.1 at 2017-07-17 19:33:22 +0900
Processing by HomesController#top as HTML
  Rendering homes/top.html.slim within layouts/application
  [1m[36mUser Load (0.2ms)[0m  [1m[34mSELECT  "users".* FROM "users" WHERE "users"."id" = ? LIMIT ?[0m  [["id", 1], ["LIMIT", 1]]
  Rendered homes/top.html.slim within layouts/application (5.4ms)
Completed 200 OK in 15ms (Views: 14.5ms | ActiveRecord: 0.2ms)


Started GET "/" for 127.0.0.1 at 2017-07-17 19:33:34 +0900
Processing by HomesController#top as HTML
  Rendering homes/top.html.slim within layouts/application
  [1m[36mUser Load (0.1ms)[0m  [1m[34mSELECT  "users".* FROM "users" WHERE "users"."id" = ? LIMIT ?[0m  [["id", 1], ["LIMIT", 1]]
  Rendered homes/top.html.slim within layouts/application (5.1ms)
Completed 200 OK in 12ms (Views: 11.6ms | ActiveRecord: 0.1ms)


Started GET "/" for 127.0.0.1 at 2017-07-17 19:34:41 +0900
Processing by HomesController#top as HTML
  Rendering homes/top.html.slim within layouts/application
  Rendered homes/top.html.slim within layouts/application (17.5ms)
Completed 500 Internal Server Error in 21ms (ActiveRecord: 0.0ms)


  
SyntaxError (/home/mimi/desktop/omni_test/app/views/homes/top.html.slim:7: syntax error, unexpected ',', expecting ')'
tils.escape_html_safe(('name', label_tag current_user.try(:n
                              ^):
  
app/views/homes/top.html.slim:7: syntax error, unexpected ',', expecting ')'
Started GET "/" for 127.0.0.1 at 2017-07-17 19:34:48 +0900
Processing by HomesController#top as HTML
  Rendering homes/top.html.slim within layouts/application
  [1m[36mUser Load (0.1ms)[0m  [1m[34mSELECT  "users".* FROM "users" WHERE "users"."id" = ? LIMIT ?[0m  [["id", 1], ["LIMIT", 1]]
  Rendered homes/top.html.slim within layouts/application (4.1ms)
Completed 200 OK in 12ms (Views: 11.2ms | ActiveRecord: 0.1ms)


Started GET "/logout" for 127.0.0.1 at 2017-07-17 19:36:40 +0900
Processing by SessionsController#destroy as HTML
Redirected to http://localhost:3000/
Completed 302 Found in 1ms (ActiveRecord: 0.0ms)


Started GET "/" for 127.0.0.1 at 2017-07-17 19:36:40 +0900
Processing by HomesController#top as HTML
  Rendering homes/top.html.slim within layouts/application
  Rendered homes/top.html.slim within layouts/application (3.2ms)
Completed 200 OK in 11ms (Views: 9.9ms | ActiveRecord: 0.0ms)


Started GET "/auth/twitter" for 127.0.0.1 at 2017-07-17 19:39:22 +0900
Started GET "/auth/twitter/callback?oauth_token=NhCtIgAAAAAA1O4PAAABXVAhj2c&oauth_verifier=h6FgZxJHqaTJseuOwLzjU7YdrRVvprFU" for 127.0.0.1 at 2017-07-17 19:39:23 +0900
Processing by SessionsController#create as HTML
  Parameters: {"oauth_token"=>"NhCtIgAAAAAA1O4PAAABXVAhj2c", "oauth_verifier"=>"h6FgZxJHqaTJseuOwLzjU7YdrRVvprFU", "provider"=>"twitter"}
  [1m[36mUser Load (0.3ms)[0m  [1m[34mSELECT  "users".* FROM "users" WHERE "users"."provider" = ? AND "users"."uid" = ? LIMIT ?[0m  [["provider", "twitter"], ["uid", "3148157702"], ["LIMIT", 1]]
Redirected to http://localhost:3000/
Completed 302 Found in 2ms (ActiveRecord: 0.3ms)


Started GET "/" for 127.0.0.1 at 2017-07-17 19:39:24 +0900
Processing by HomesController#top as HTML
  Rendering homes/top.html.slim within layouts/application
  [1m[36mUser Load (0.1ms)[0m  [1m[34mSELECT  "users".* FROM "users" WHERE "users"."id" = ? LIMIT ?[0m  [["id", 1], ["LIMIT", 1]]
  Rendered homes/top.html.slim within layouts/application (6.7ms)
Completed 200 OK in 18ms (Views: 16.8ms | ActiveRecord: 0.1ms)


Started GET "/logout" for 127.0.0.1 at 2017-07-17 19:40:21 +0900
Processing by SessionsController#destroy as HTML
Redirected to http://localhost:3000/
Completed 302 Found in 0ms (ActiveRecord: 0.0ms)


Started GET "/" for 127.0.0.1 at 2017-07-17 19:40:21 +0900
Processing by HomesController#top as HTML
  Rendering homes/top.html.slim within layouts/application
  Rendered homes/top.html.slim within layouts/application (4.5ms)
Completed 200 OK in 13ms (Views: 12.4ms | ActiveRecord: 0.0ms)


Started GET "/auth/twitter" for 127.0.0.1 at 2017-07-17 19:40:26 +0900
Started GET "/auth/twitter/callback?oauth_token=ip-1mwAAAAAA1O4PAAABXVAih7I&oauth_verifier=MaRyF4le5gkbPlE9wempcizI9MTgCnyG" for 127.0.0.1 at 2017-07-17 19:40:27 +0900
Processing by SessionsController#create as HTML
  Parameters: {"oauth_token"=>"ip-1mwAAAAAA1O4PAAABXVAih7I", "oauth_verifier"=>"MaRyF4le5gkbPlE9wempcizI9MTgCnyG", "provider"=>"twitter"}
  [1m[36mUser Load (0.3ms)[0m  [1m[34mSELECT  "users".* FROM "users" WHERE "users"."provider" = ? AND "users"."uid" = ? LIMIT ?[0m  [["provider", "twitter"], ["uid", "3148157702"], ["LIMIT", 1]]
Redirected to http://localhost:3000/
Completed 302 Found in 2ms (ActiveRecord: 0.3ms)


Started GET "/" for 127.0.0.1 at 2017-07-17 19:40:27 +0900
Processing by HomesController#top as HTML
  Rendering homes/top.html.slim within layouts/application
  [1m[36mUser Load (0.2ms)[0m  [1m[34mSELECT  "users".* FROM "users" WHERE "users"."id" = ? LIMIT ?[0m  [["id", 1], ["LIMIT", 1]]
  Rendered homes/top.html.slim within layouts/application (13.9ms)
Completed 200 OK in 23ms (Views: 21.7ms | ActiveRecord: 0.2ms)


